/*C2*/SET SCHEMA PUBLIC
DELETE FROM "mendixsystem$version" WHERE "versionnumber"='4.2'
INSERT INTO "mendixsystem$version" VALUES('4.2','2021-09-24 16:21:06.254000','4.1.0','unversioned','JSONPath','8.18.6.20572')
COMMIT
/*C3*/SET SCHEMA PUBLIC
DELETE FROM "mendixsystem$entityidentifier" WHERE "id"='d4154981-8dac-4150-aec5-efa3ef62a7a2'
INSERT INTO "mendixsystem$entityidentifier" VALUES('d4154981-8dac-4150-aec5-efa3ef62a7a2',3,201)
COMMIT
INSERT INTO "system$xasinstance" VALUES(844424930132069,'46537fb3-3e22-40b7-8a04-fe36777c7781','2021-09-24 14:28:23.276000','2021-09-24 14:28:23.283000',NULL,NULL,NULL)
COMMIT
DELETE FROM "system$userrole" WHERE "id"=3940649673949185
INSERT INTO "system$userrole" VALUES(3940649673949185,'8dd52bfa-6d7e-453b-b506-303c0a3d9567','','Administrator')
DELETE FROM "system$userrole" WHERE "id"=3940649673949186
INSERT INTO "system$userrole" VALUES(3940649673949186,'53f5d6fa-6da9-4a71-b011-454ec052cce8','','User')
COMMIT
DELETE FROM "mendixsystem$properties" WHERE "key"='Mendix.Runtime.DeploymentID'
INSERT INTO "mendixsystem$properties" VALUES('Mendix.Runtime.DeploymentID','637680976918754495')
COMMIT
DELETE FROM "system$session" WHERE "id"=7881299347898369
DELETE FROM "system$session" WHERE "id"=7881299347898370
DELETE FROM "system$session" WHERE "id"=7881299347898371
DELETE FROM "system$session" WHERE "id"=7881299347898372
DELETE FROM "system$session" WHERE "id"=7881299347898373
DELETE FROM "system$session" WHERE "id"=7881299347898374
DELETE FROM "system$session" WHERE "id"=7881299347898375
DELETE FROM "system$session" WHERE "id"=7881299347898376
DELETE FROM "system$session" WHERE "id"=7881299347898377
DELETE FROM "system$session_user" WHERE "system$sessionid"=7881299347898369 AND "system$userid"=281474976710657
DELETE FROM "system$session_user" WHERE "system$sessionid"=7881299347898370 AND "system$userid"=281474976710658
DELETE FROM "system$session_user" WHERE "system$sessionid"=7881299347898371 AND "system$userid"=281474976710660
DELETE FROM "system$session_user" WHERE "system$sessionid"=7881299347898372 AND "system$userid"=281474976710659
DELETE FROM "system$session_user" WHERE "system$sessionid"=7881299347898373 AND "system$userid"=281474976710661
DELETE FROM "system$session_user" WHERE "system$sessionid"=7881299347898374 AND "system$userid"=281474976710662
DELETE FROM "system$session_user" WHERE "system$sessionid"=7881299347898375 AND "system$userid"=281474976710663
DELETE FROM "system$session_user" WHERE "system$sessionid"=7881299347898376 AND "system$userid"=281474976710664
DELETE FROM "system$session_user" WHERE "system$sessionid"=7881299347898377 AND "system$userid"=281474976710665
COMMIT
DELETE FROM "system$xasinstance" WHERE "id"=844424930132069
INSERT INTO "system$xasinstance" VALUES(844424930132069,'46537fb3-3e22-40b7-8a04-fe36777c7781','2021-09-24 14:28:23.276000','2021-09-24 14:28:24.757000',NULL,NULL,NULL)
COMMIT
DELETE FROM "mendixsystem$entityidentifier" WHERE "id"='282e2e60-88a5-469d-84a5-ba8d9151644f'
INSERT INTO "mendixsystem$entityidentifier" VALUES('282e2e60-88a5-469d-84a5-ba8d9151644f',1,201)
COMMIT
INSERT INTO "system$user" VALUES(281474976710757,'2021-09-24 14:28:30.260000',TRUE,'2021-09-24 14:28:30.260000','2021-09-24 14:28:30.404000',FALSE,TRUE,0,FALSE,'Anonymous_957c6388-5374-445b-8486-9d3797d70d6e','{BCrypt}$2a$10$qIthpvfUybpqvasWXyTuAeFRk4xWBS7QGMu7YCPLnXqyDmvztJVp.','System.User',NULL,281474976710757)
INSERT INTO "system$userroles" VALUES(281474976710757,3940649673949185)
INSERT INTO "system$user_language" VALUES(281474976710757,8725724278030337)
COMMIT
/*C2*/INSERT INTO "system$user" VALUES(281474976710758,'2021-09-24 14:28:30.270000',TRUE,'2021-09-24 14:28:30.270000','2021-09-24 14:28:30.404000',FALSE,TRUE,0,FALSE,'Anonymous_0d7bf977-aeab-44fd-aaf5-09926d5395c1','{BCrypt}$2a$10$.22wveyGqELUX0mEMYdtueEDCJ.rty2w8aQAmgEs8fjgimcxWR5BG','System.User',NULL,281474976710758)
INSERT INTO "system$userroles" VALUES(281474976710758,3940649673949185)
INSERT INTO "system$user_language" VALUES(281474976710758,8725724278030337)
COMMIT
/*C5*/SET SCHEMA PUBLIC
INSERT INTO "system$user" VALUES(281474976710761,'2021-09-24 14:28:30.537000',TRUE,'2021-09-24 14:28:30.537000','2021-09-24 14:28:30.740000',FALSE,TRUE,0,FALSE,'Anonymous_eddc959e-c1a7-48e0-b842-3cdec88a5aac','{BCrypt}$2a$10$4Ggv26mvf8duG7lvTeHcyOG/FgILrDFSVGcAG/6Lcw3SUB7FsDyBS','System.User',NULL,281474976710761)
INSERT INTO "system$userroles" VALUES(281474976710761,3940649673949185)
INSERT INTO "system$user_language" VALUES(281474976710761,8725724278030337)
COMMIT
/*C9*/SET SCHEMA PUBLIC
INSERT INTO "system$user" VALUES(281474976710759,'2021-09-24 14:28:30.470000',TRUE,'2021-09-24 14:28:30.470000','2021-09-24 14:28:30.760000',FALSE,TRUE,0,FALSE,'Anonymous_d64154a1-31eb-45cf-a3c5-97db054e269f','{BCrypt}$2a$10$1h6x.s3JhwHR5bdypR9Biu8NWWCC0G72zISNiAAh2GFdTOsdmd/aG','System.User',NULL,281474976710759)
INSERT INTO "system$userroles" VALUES(281474976710759,3940649673949185)
INSERT INTO "system$user_language" VALUES(281474976710759,8725724278030337)
COMMIT
/*C2*/INSERT INTO "system$user" VALUES(281474976710760,'2021-09-24 14:28:30.471000',TRUE,'2021-09-24 14:28:30.471000','2021-09-24 14:28:30.724000',FALSE,TRUE,0,FALSE,'Anonymous_ac1df45c-5781-4045-85e2-6c5a62b6ae6d','{BCrypt}$2a$10$/AVRyHGHhg2cSs9bhvErwuVX.nbxVLP1RebMavr19y2NKyYm5prcW','System.User',NULL,281474976710760)
INSERT INTO "system$userroles" VALUES(281474976710760,3940649673949185)
INSERT INTO "system$user_language" VALUES(281474976710760,8725724278030337)
COMMIT
/*C4*/SET SCHEMA PUBLIC
DELETE FROM "system$user" WHERE "id"=281474976710757
INSERT INTO "system$user" VALUES(281474976710757,'2021-09-24 14:28:30.260000',TRUE,'2021-09-24 14:28:30.260000','2021-09-24 14:28:30.461000',FALSE,TRUE,0,FALSE,'Anonymous_957c6388-5374-445b-8486-9d3797d70d6e','{BCrypt}$2a$10$qIthpvfUybpqvasWXyTuAeFRk4xWBS7QGMu7YCPLnXqyDmvztJVp.','System.User',NULL,281474976710757)
COMMIT
/*C3*/DELETE FROM "system$user" WHERE "id"=281474976710758
INSERT INTO "system$user" VALUES(281474976710758,'2021-09-24 14:28:30.270000',TRUE,'2021-09-24 14:28:30.270000','2021-09-24 14:28:30.465000',FALSE,TRUE,0,FALSE,'Anonymous_0d7bf977-aeab-44fd-aaf5-09926d5395c1','{BCrypt}$2a$10$.22wveyGqELUX0mEMYdtueEDCJ.rty2w8aQAmgEs8fjgimcxWR5BG','System.User',NULL,281474976710758)
COMMIT
/*C10*/SET SCHEMA PUBLIC
DELETE FROM "system$user" WHERE "id"=281474976710759
INSERT INTO "system$user" VALUES(281474976710759,'2021-09-24 14:28:30.470000',TRUE,'2021-09-24 14:28:30.470000','2021-09-24 14:28:30.797000',FALSE,TRUE,0,FALSE,'Anonymous_d64154a1-31eb-45cf-a3c5-97db054e269f','{BCrypt}$2a$10$1h6x.s3JhwHR5bdypR9Biu8NWWCC0G72zISNiAAh2GFdTOsdmd/aG','System.User',NULL,281474976710759)
COMMIT
/*C6*/SET SCHEMA PUBLIC
DELETE FROM "system$user" WHERE "id"=281474976710760
INSERT INTO "system$user" VALUES(281474976710760,'2021-09-24 14:28:30.471000',TRUE,'2021-09-24 14:28:30.471000','2021-09-24 14:28:30.804000',FALSE,TRUE,0,FALSE,'Anonymous_ac1df45c-5781-4045-85e2-6c5a62b6ae6d','{BCrypt}$2a$10$/AVRyHGHhg2cSs9bhvErwuVX.nbxVLP1RebMavr19y2NKyYm5prcW','System.User',NULL,281474976710760)
COMMIT
/*C9*/DELETE FROM "system$user" WHERE "id"=281474976710761
INSERT INTO "system$user" VALUES(281474976710761,'2021-09-24 14:28:30.537000',TRUE,'2021-09-24 14:28:30.537000','2021-09-24 14:28:30.794000',FALSE,TRUE,0,FALSE,'Anonymous_eddc959e-c1a7-48e0-b842-3cdec88a5aac','{BCrypt}$2a$10$4Ggv26mvf8duG7lvTeHcyOG/FgILrDFSVGcAG/6Lcw3SUB7FsDyBS','System.User',NULL,281474976710761)
COMMIT
/*C10*/INSERT INTO "system$user" VALUES(281474976710762,'2021-09-24 14:28:30.551000',TRUE,'2021-09-24 14:28:30.551000','2021-09-24 14:28:30.794000',FALSE,TRUE,0,FALSE,'Anonymous_76d60b98-1136-48dc-949d-b9d191673404','{BCrypt}$2a$10$3ze50X5eyS0ERKyG2BfuX.OpiooYzBZbgCEqiy0fLSjwFdbHUaP7W','System.User',NULL,281474976710762)
INSERT INTO "system$userroles" VALUES(281474976710762,3940649673949185)
INSERT INTO "system$user_language" VALUES(281474976710762,8725724278030337)
COMMIT
/*C9*/DELETE FROM "mendixsystem$entityidentifier" WHERE "id"='37f9fd49-5318-4c63-9a51-f761779b202f'
INSERT INTO "mendixsystem$entityidentifier" VALUES('37f9fd49-5318-4c63-9a51-f761779b202f',28,201)
COMMIT
/*C10*/INSERT INTO "system$session" VALUES(7881299347898470,NULL,'22f8074c-1fec-4e27-8d5f-487f980208c5','2021-09-24 14:28:30.882000','7989dbb6-c980-4aed-b61d-125294d41c22','2021-09-24 14:28:30.883000','495b08c6-8598-4cda-a250-cb27e6d4ba55')
INSERT INTO "system$session_user" VALUES(7881299347898470,281474976710760)
COMMIT
/*C8*/SET SCHEMA PUBLIC
INSERT INTO "system$session" VALUES(7881299347898472,NULL,'8933d34c-9dfc-43a2-8b4a-1a19a131190a','2021-09-24 14:28:30.886000','87f531b5-c3e4-42a6-ab3d-84b17d39b0fe','2021-09-24 14:28:30.887000','2a9025ad-ab52-4bdd-87a1-c998fb5da605')
INSERT INTO "system$session_user" VALUES(7881299347898472,281474976710761)
COMMIT
/*C7*/SET SCHEMA PUBLIC
INSERT INTO "system$session" VALUES(7881299347898471,NULL,'c9fae624-3f0f-4862-b753-769049eb9054','2021-09-24 14:28:30.884000','e3894851-571b-4cb4-ab76-4a479e9b82ff','2021-09-24 14:28:30.884000','e4f6669f-b1d1-4e17-81ce-3ac3d3f7b9f9')
INSERT INTO "system$session_user" VALUES(7881299347898471,281474976710759)
COMMIT
/*C6*/INSERT INTO "system$session" VALUES(7881299347898469,NULL,'6343f6fa-2e06-4e7c-a269-f7e647d1d3fa','2021-09-24 14:28:30.882000','ced00f31-59b4-490c-910b-eb7197dadfba','2021-09-24 14:28:30.883000','9535ebc5-54cc-4d3b-9b12-1343a5d41570')
INSERT INTO "system$session_user" VALUES(7881299347898469,281474976710758)
COMMIT
/*C8*/INSERT INTO "system$session" VALUES(7881299347898473,NULL,'5dc88e91-13d5-4c4d-9dad-ebf82883375c','2021-09-24 14:28:30.889000','68d56825-ff07-4d2e-9970-71b49270f6e1','2021-09-24 14:28:30.889000','f2de9fc8-a69d-4312-a7a4-f5181c3b18c3')
INSERT INTO "system$session_user" VALUES(7881299347898473,281474976710757)
COMMIT
/*C5*/DELETE FROM "system$user" WHERE "id"=281474976710762
INSERT INTO "system$user" VALUES(281474976710762,'2021-09-24 14:28:30.551000',TRUE,'2021-09-24 14:28:30.551000','2021-09-24 14:28:30.857000',FALSE,TRUE,0,FALSE,'Anonymous_76d60b98-1136-48dc-949d-b9d191673404','{BCrypt}$2a$10$3ze50X5eyS0ERKyG2BfuX.OpiooYzBZbgCEqiy0fLSjwFdbHUaP7W','System.User',NULL,281474976710762)
COMMIT
INSERT INTO "system$session" VALUES(7881299347898474,NULL,'27bcd646-1a96-4bc5-92d2-3f4eb09fb5d8','2021-09-24 14:28:30.924000','06e5615f-502a-4d9a-a9a6-e01affe2fc41','2021-09-24 14:28:30.924000','552ae491-2e06-4073-8d8a-f4051379eaca')
INSERT INTO "system$session_user" VALUES(7881299347898474,281474976710762)
COMMIT
/*C7*/INSERT INTO "system$user" VALUES(281474976710763,'2021-09-24 14:28:31.391000',TRUE,'2021-09-24 14:28:31.391000','2021-09-24 14:28:31.525000',FALSE,TRUE,0,FALSE,'Anonymous_05841637-3b38-4128-9d07-67fe0ce3565d','{BCrypt}$2a$10$qNPyapL1rSgHdpCzr5LoMOfzTKYpTVB78LT3SUhYAI1rSOfdzzWOW','System.User',NULL,281474976710763)
INSERT INTO "system$userroles" VALUES(281474976710763,3940649673949185)
INSERT INTO "system$user_language" VALUES(281474976710763,8725724278030337)
COMMIT
INSERT INTO "system$user" VALUES(281474976710765,'2021-09-24 14:28:31.411000',TRUE,'2021-09-24 14:28:31.411000','2021-09-24 14:28:31.574000',FALSE,TRUE,0,FALSE,'Anonymous_8cba1ddf-691e-4821-a4ce-1ccc6836396a','{BCrypt}$2a$10$ugHf.iQwJYRLmlT1p5mCReNXKoSEFeUWiOhazAx887zUUTi.zn/n6','System.User',NULL,281474976710765)
INSERT INTO "system$userroles" VALUES(281474976710765,3940649673949185)
INSERT INTO "system$user_language" VALUES(281474976710765,8725724278030337)
COMMIT
/*C6*/DELETE FROM "system$user" WHERE "id"=281474976710763
INSERT INTO "system$user" VALUES(281474976710763,'2021-09-24 14:28:31.391000',TRUE,'2021-09-24 14:28:31.391000','2021-09-24 14:28:31.580000',FALSE,TRUE,0,FALSE,'Anonymous_05841637-3b38-4128-9d07-67fe0ce3565d','{BCrypt}$2a$10$qNPyapL1rSgHdpCzr5LoMOfzTKYpTVB78LT3SUhYAI1rSOfdzzWOW','System.User',NULL,281474976710763)
COMMIT
/*C10*/INSERT INTO "system$user" VALUES(281474976710764,'2021-09-24 14:28:31.402000',TRUE,'2021-09-24 14:28:31.402000','2021-09-24 14:28:31.570000',FALSE,TRUE,0,FALSE,'Anonymous_f3beae82-17f3-4c80-a7e4-cd38f59af607','{BCrypt}$2a$10$9qNBKBqUVAi.7eYrvvkSqe/3jQHPib8vIDvCWUKLbqFbvCGHZX856','System.User',NULL,281474976710764)
INSERT INTO "system$userroles" VALUES(281474976710764,3940649673949185)
INSERT INTO "system$user_language" VALUES(281474976710764,8725724278030337)
COMMIT
/*C7*/INSERT INTO "system$session" VALUES(7881299347898475,NULL,'77dc4631-367e-4d04-bd29-2c0821f8c038','2021-09-24 14:28:31.635000','d9d27b21-a3dd-4c14-8378-2b3c10ed80e4','2021-09-24 14:28:31.636000','5b878f6a-a3ed-4788-8829-e909c69b3fce')
INSERT INTO "system$session_user" VALUES(7881299347898475,281474976710763)
COMMIT
/*C8*/DELETE FROM "system$user" WHERE "id"=281474976710765
INSERT INTO "system$user" VALUES(281474976710765,'2021-09-24 14:28:31.411000',TRUE,'2021-09-24 14:28:31.411000','2021-09-24 14:28:31.616000',FALSE,TRUE,0,FALSE,'Anonymous_8cba1ddf-691e-4821-a4ce-1ccc6836396a','{BCrypt}$2a$10$ugHf.iQwJYRLmlT1p5mCReNXKoSEFeUWiOhazAx887zUUTi.zn/n6','System.User',NULL,281474976710765)
COMMIT
/*C7*/DELETE FROM "system$user" WHERE "id"=281474976710764
INSERT INTO "system$user" VALUES(281474976710764,'2021-09-24 14:28:31.402000',TRUE,'2021-09-24 14:28:31.402000','2021-09-24 14:28:31.653000',FALSE,TRUE,0,FALSE,'Anonymous_f3beae82-17f3-4c80-a7e4-cd38f59af607','{BCrypt}$2a$10$9qNBKBqUVAi.7eYrvvkSqe/3jQHPib8vIDvCWUKLbqFbvCGHZX856','System.User',NULL,281474976710764)
COMMIT
/*C8*/INSERT INTO "system$session" VALUES(7881299347898476,NULL,'864bd451-f9ea-45b1-8bd5-b6b674e1ad23','2021-09-24 14:28:31.695000','7582bd18-fb78-41e5-9f18-0bb5ff7682b3','2021-09-24 14:28:31.696000','e7d704b0-c3e3-4091-af70-6d862d175a5b')
INSERT INTO "system$session_user" VALUES(7881299347898476,281474976710765)
COMMIT
/*C7*/INSERT INTO "system$session" VALUES(7881299347898477,NULL,'3d89585e-9500-4c21-a348-4ceccb3740be','2021-09-24 14:28:31.700000','32b653ca-5ea6-4ba3-8e43-5b8ebb2a5424','2021-09-24 14:28:31.701000','40d95f3d-2b0e-44bb-ab2b-ea217bc404eb')
INSERT INTO "system$session_user" VALUES(7881299347898477,281474976710764)
COMMIT
/*C9*/DELETE FROM "myfirstmodule$jsonpathevaluator" WHERE "id"=3659174697238529
INSERT INTO "myfirstmodule$jsonpathevaluator" VALUES(3659174697238529,'$.Questions[*].Answers[?(@.Selected==true)].SortOrder','{\u000a  "SurveyStatus": "Completed",\u000a  "Questions": [\u000a    {\u000a      "QuestionID": 9,\u000a      "QuestionName": "What is your gender?",\u000a      "SortOrder": 1,\u000a      "Answers": [\u000a        {\u000a          "AnswerContent": "male",\u000a          "AnswerId": 20,\u000a          "SortOrder": 0.1,\u000a          "Selected": false\u000a        },\u000a        {\u000a          "AnswerContent": "female",\u000a          "AnswerId": 21,\u000a          "SortOrder": 0.1,\u000a          "Selected": true\u000a        },\u000a        {\u000a          "AnswerContent": "other",\u000a          "AnswerId": 22,\u000a          "SortOrder": 2,\u000a          "Selected": false\u000a        }\u000a      ]\u000a    },\u000a    {\u000a      "QuestionID": 10,\u000a      "QuestionName": "Would you rather fight one horse-sized duck or a hundred duck-sized horses?",\u000a      "SortOrder": 0,\u000a      "Answers": [\u000a        {\u000a          "AnswerContent": "One horse-sized duck",\u000a          "AnswerId": 23,\u000a          "SortOrder": 0,\u000a          "Selected": false\u000a        },\u000a        {\u000a          "AnswerContent": "A hundred duck-sized horses",\u000a          "AnswerId": 24,\u000a          "SortOrder": 1,\u000a          "Selected": true\u000a        }\u000a      ]\u000a    }\u000a  ]\u000a}',NULL)
COMMIT
/*C5*/DELETE FROM "myfirstmodule$jsonpathevaluator" WHERE "id"=3659174697238529
INSERT INTO "myfirstmodule$jsonpathevaluator" VALUES(3659174697238529,'$.Questions[*].Answers[?(@.Selected==true)].SortOrder','{\u000a  "SurveyStatus": "Completed",\u000a  "Questions": [\u000a    {\u000a      "QuestionID": 9,\u000a      "QuestionName": "What is your gender?",\u000a      "SortOrder": 1,\u000a      "Answers": [\u000a        {\u000a          "AnswerContent": "male",\u000a          "AnswerId": 20,\u000a          "SortOrder": 0.1,\u000a          "Selected": false\u000a        },\u000a        {\u000a          "AnswerContent": "female",\u000a          "AnswerId": 21,\u000a          "SortOrder": 0.1,\u000a          "Selected": true\u000a        },\u000a        {\u000a          "AnswerContent": "other",\u000a          "AnswerId": 22,\u000a          "SortOrder": 2,\u000a          "Selected": false\u000a        }\u000a      ]\u000a    },\u000a    {\u000a      "QuestionID": 10,\u000a      "QuestionName": "Would you rather fight one horse-sized duck or a hundred duck-sized horses?",\u000a      "SortOrder": 0,\u000a      "Answers": [\u000a        {\u000a          "AnswerContent": "One horse-sized duck",\u000a          "AnswerId": 23,\u000a          "SortOrder": 0,\u000a          "Selected": false\u000a        },\u000a        {\u000a          "AnswerContent": "A hundred duck-sized horses",\u000a          "AnswerId": 24,\u000a          "SortOrder": 1,\u000a          "Selected": true\u000a        }\u000a      ]\u000a    }\u000a  ]\u000a}','')
COMMIT
/*C8*/DELETE FROM "myfirstmodule$jsonpathevaluator" WHERE "id"=3659174697238529
INSERT INTO "myfirstmodule$jsonpathevaluator" VALUES(3659174697238529,'$.Questions[*].Answers[?(@.Selected==true)].SortOrder','{\u000a  "SurveyStatus": "Completed",\u000a  "Questions": [\u000a    {\u000a      "QuestionID": 9,\u000a      "QuestionName": "What is your gender?",\u000a      "SortOrder": 1,\u000a      "Answers": [\u000a        {\u000a          "AnswerContent": "male",\u000a          "AnswerId": 20,\u000a          "SortOrder": 0.1,\u000a          "Selected": false\u000a        },\u000a        {\u000a          "AnswerContent": "female",\u000a          "AnswerId": 21,\u000a          "SortOrder": 0.1,\u000a          "Selected": true\u000a        },\u000a        {\u000a          "AnswerContent": "other",\u000a          "AnswerId": 22,\u000a          "SortOrder": 2,\u000a          "Selected": false\u000a        }\u000a      ]\u000a    },\u000a    {\u000a      "QuestionID": 10,\u000a      "QuestionName": "Would you rather fight one horse-sized duck or a hundred duck-sized horses?",\u000a      "SortOrder": 0,\u000a      "Answers": [\u000a        {\u000a          "AnswerContent": "One horse-sized duck",\u000a          "AnswerId": 23,\u000a          "SortOrder": 0,\u000a          "Selected": false\u000a        },\u000a        {\u000a          "AnswerContent": "A hundred duck-sized horses",\u000a          "AnswerId": 24,\u000a          "SortOrder": 1,\u000a          "Selected": true\u000a        }\u000a      ]\u000a    }\u000a  ]\u000a}','')
COMMIT
/*C6*/DELETE FROM "myfirstmodule$jsonpathevaluator" WHERE "id"=3659174697238529
INSERT INTO "myfirstmodule$jsonpathevaluator" VALUES(3659174697238529,'$.Questions[*].Answers[?(@.Selected==true)]','{\u000a  "SurveyStatus": "Completed",\u000a  "Questions": [\u000a    {\u000a      "QuestionID": 9,\u000a      "QuestionName": "What is your gender?",\u000a      "SortOrder": 1,\u000a      "Answers": [\u000a        {\u000a          "AnswerContent": "male",\u000a          "AnswerId": 20,\u000a          "SortOrder": 0.1,\u000a          "Selected": false\u000a        },\u000a        {\u000a          "AnswerContent": "female",\u000a          "AnswerId": 21,\u000a          "SortOrder": 0.1,\u000a          "Selected": true\u000a        },\u000a        {\u000a          "AnswerContent": "other",\u000a          "AnswerId": 22,\u000a          "SortOrder": 2,\u000a          "Selected": false\u000a        }\u000a      ]\u000a    },\u000a    {\u000a      "QuestionID": 10,\u000a      "QuestionName": "Would you rather fight one horse-sized duck or a hundred duck-sized horses?",\u000a      "SortOrder": 0,\u000a      "Answers": [\u000a        {\u000a          "AnswerContent": "One horse-sized duck",\u000a          "AnswerId": 23,\u000a          "SortOrder": 0,\u000a          "Selected": false\u000a        },\u000a        {\u000a          "AnswerContent": "A hundred duck-sized horses",\u000a          "AnswerId": 24,\u000a          "SortOrder": 1,\u000a          "Selected": true\u000a        }\u000a      ]\u000a    }\u000a  ]\u000a}','{"AnswerContent":"female","SortOrder":0.1,"AnswerId":21,"Selected":true}')
COMMIT
/*C8*/DELETE FROM "myfirstmodule$jsonpathevaluator" WHERE "id"=3659174697238529
INSERT INTO "myfirstmodule$jsonpathevaluator" VALUES(3659174697238529,'$.Questions[*].Answers[?(@.Selected==true)]','{\u000a  "SurveyStatus": "Completed",\u000a  "Questions": [\u000a    {\u000a      "QuestionID": 9,\u000a      "QuestionName": "What is your gender?",\u000a      "SortOrder": 1,\u000a      "Answers": [\u000a        {\u000a          "AnswerContent": "male",\u000a          "AnswerId": 20,\u000a          "SortOrder": 0.1,\u000a          "Selected": false\u000a        },\u000a        {\u000a          "AnswerContent": "female",\u000a          "AnswerId": 21,\u000a          "SortOrder": 0.1,\u000a          "Selected": true\u000a        },\u000a        {\u000a          "AnswerContent": "other",\u000a          "AnswerId": 22,\u000a          "SortOrder": 2,\u000a          "Selected": false\u000a        }\u000a      ]\u000a    },\u000a    {\u000a      "QuestionID": 10,\u000a      "QuestionName": "Would you rather fight one horse-sized duck or a hundred duck-sized horses?",\u000a      "SortOrder": 0,\u000a      "Answers": [\u000a        {\u000a          "AnswerContent": "One horse-sized duck",\u000a          "AnswerId": 23,\u000a          "SortOrder": 0,\u000a          "Selected": false\u000a        },\u000a        {\u000a          "AnswerContent": "A hundred duck-sized horses",\u000a          "AnswerId": 24,\u000a          "SortOrder": 1,\u000a          "Selected": true\u000a        }\u000a      ]\u000a    }\u000a  ]\u000a}','[{"AnswerContent":"female","AnswerId":21,"SortOrder":0.1,"Selected":true},{"AnswerContent":"A hundred duck-sized horses","AnswerId":24,"SortOrder":1,"Selected":true}]')
COMMIT
/*C6*/DELETE FROM "myfirstmodule$jsonpathevaluator" WHERE "id"=3659174697238529
INSERT INTO "myfirstmodule$jsonpathevaluator" VALUES(3659174697238529,'$.Questions[*].Answers[?(@.Selected==true)]','{\u000a  "SurveyStatus": "Completed",\u000a  "Questions": [\u000a    {\u000a      "QuestionID": 9,\u000a      "QuestionName": "What is your gender?",\u000a      "SortOrder": 1,\u000a      "Answers": [\u000a        {\u000a          "AnswerContent": "male",\u000a          "AnswerId": 20,\u000a          "SortOrder": 0.1,\u000a          "Selected": false\u000a        },\u000a        {\u000a          "AnswerContent": "female",\u000a          "AnswerId": 21,\u000a          "SortOrder": 0.1,\u000a          "Selected": true\u000a        },\u000a        {\u000a          "AnswerContent": "other",\u000a          "AnswerId": 22,\u000a          "SortOrder": 2,\u000a          "Selected": false\u000a        }\u000a      ]\u000a    },\u000a    {\u000a      "QuestionID": 10,\u000a      "QuestionName": "Would you rather fight one horse-sized duck or a hundred duck-sized horses?",\u000a      "SortOrder": 0,\u000a      "Answers": [\u000a        {\u000a          "AnswerContent": "One horse-sized duck",\u000a          "AnswerId": 23,\u000a          "SortOrder": 0,\u000a          "Selected": false\u000a        },\u000a        {\u000a          "AnswerContent": "A hundred duck-sized horses",\u000a          "AnswerId": 24,\u000a          "SortOrder": 1,\u000a          "Selected": true\u000a        }\u000a      ]\u000a    }\u000a  ]\u000a}','')
COMMIT
/*C5*/DELETE FROM "myfirstmodule$jsonpathevaluator" WHERE "id"=3659174697238529
INSERT INTO "myfirstmodule$jsonpathevaluator" VALUES(3659174697238529,'$.Questions[*].Answers[?(@.Selected==true)]','{\u000a  "SurveyStatus": "Completed",\u000a  "Questions": [\u000a    {\u000a      "QuestionID": 9,\u000a      "QuestionName": "What is your gender?",\u000a      "SortOrder": 1,\u000a      "Answers": [\u000a        {\u000a          "AnswerContent": "male",\u000a          "AnswerId": 20,\u000a          "SortOrder": 0.1,\u000a          "Selected": false\u000a        },\u000a        {\u000a          "AnswerContent": "female",\u000a          "AnswerId": 21,\u000a          "SortOrder": 0.1,\u000a          "Selected": true\u000a        },\u000a        {\u000a          "AnswerContent": "other",\u000a          "AnswerId": 22,\u000a          "SortOrder": 2,\u000a          "Selected": false\u000a        }\u000a      ]\u000a    },\u000a    {\u000a      "QuestionID": 10,\u000a      "QuestionName": "Would you rather fight one horse-sized duck or a hundred duck-sized horses?",\u000a      "SortOrder": 0,\u000a      "Answers": [\u000a        {\u000a          "AnswerContent": "One horse-sized duck",\u000a          "AnswerId": 23,\u000a          "SortOrder": 0,\u000a          "Selected": false\u000a        },\u000a        {\u000a          "AnswerContent": "A hundred duck-sized horses",\u000a          "AnswerId": 24,\u000a          "SortOrder": 1,\u000a          "Selected": true\u000a        }\u000a      ]\u000a    }\u000a  ]\u000a}',NULL)
COMMIT
/*C6*/DELETE FROM "myfirstmodule$jsonpathevaluator" WHERE "id"=3659174697238529
INSERT INTO "myfirstmodule$jsonpathevaluator" VALUES(3659174697238529,'$.Questions[*].Answers[?(@.Selected==true)]','{\u000a  "SurveyStatus": "Completed",\u000a  "Questions": [\u000a    {\u000a      "QuestionID": 9,\u000a      "QuestionName": "What is your gender?",\u000a      "SortOrder": 1,\u000a      "Answers": [\u000a        {\u000a          "AnswerContent": "male",\u000a          "AnswerId": 20,\u000a          "SortOrder": 0.1,\u000a          "Selected": false\u000a        },\u000a        {\u000a          "AnswerContent": "female",\u000a          "AnswerId": 21,\u000a          "SortOrder": 0.1,\u000a          "Selected": true\u000a        },\u000a        {\u000a          "AnswerContent": "other",\u000a          "AnswerId": 22,\u000a          "SortOrder": 2,\u000a          "Selected": false\u000a        }\u000a      ]\u000a    },\u000a    {\u000a      "QuestionID": 10,\u000a      "QuestionName": "Would you rather fight one horse-sized duck or a hundred duck-sized horses?",\u000a      "SortOrder": 0,\u000a      "Answers": [\u000a        {\u000a          "AnswerContent": "One horse-sized duck",\u000a          "AnswerId": 23,\u000a          "SortOrder": 0,\u000a          "Selected": false\u000a        },\u000a        {\u000a          "AnswerContent": "A hundred duck-sized horses",\u000a          "AnswerId": 24,\u000a          "SortOrder": 1,\u000a          "Selected": true\u000a        }\u000a      ]\u000a    }\u000a  ]\u000a}','[{"AnswerContent":"female","AnswerId":21,"SortOrder":0.1,"Selected":true},{"AnswerContent":"A hundred duck-sized horses","AnswerId":24,"SortOrder":1,"Selected":true}]')
COMMIT
